# JRE version: Java(TM) SE Runtime Environment (8.0_191-b12) (build 1.8.0_191-b12)
# Java VM: Java HotSpot(TM) 64-Bit Server VM (25.191-b12 mixed mode windows-amd64 compressed oops)
Heap:
 PSYoungGen      total 439296K, used 306405K [0x00000000e0000000, 0x00000000fc200000, 0x0000000100000000)
  eden space 417792K, 68% used [0x00000000e0000000,0x00000000f163c080,0x00000000f9800000)
  from space 21504K, 99% used [0x00000000f9800000,0x00000000facfd650,0x00000000fad00000)
  to   space 12800K, 0% used [0x00000000fb580000,0x00000000fb580000,0x00000000fc200000)
 ParOldGen       total 152576K, used 82916K [0x00000000a0000000, 0x00000000a9500000, 0x00000000e0000000)
  object space 152576K, 54% used [0x00000000a0000000,0x00000000a50f9240,0x00000000a9500000)
 Metaspace       used 90037K, capacity 94190K, committed 94336K, reserved 1130496K
  class space    used 11887K, capacity 12924K, committed 12928K, reserved 1048576K
GC Heap History (10 events):
Event: 710.085 GC heap before
{Heap before GC invocations=19 (full 3):
 PSYoungGen      total 303104K, used 302930K [0x00000000e0000000, 0x00000000fcb80000, 0x0000000100000000)
  eden space 283136K, 100% used [0x00000000e0000000,0x00000000f1480000,0x00000000f1480000)
  from space 19968K, 99% used [0x00000000f1480000,0x00000000f27d4a60,0x00000000f2800000)
  to   space 22528K, 0% used [0x00000000fb580000,0x00000000fb580000,0x00000000fcb80000)
 ParOldGen       total 93184K, used 60848K [0x00000000a0000000, 0x00000000a5b00000, 0x00000000e0000000)
  object space 93184K, 65% used [0x00000000a0000000,0x00000000a3b6c2d0,0x00000000a5b00000)
 Metaspace       used 76072K, capacity 79352K, committed 79616K, reserved 1118208K
  class space    used 10311K, capacity 11157K, committed 11264K, reserved 1048576K
Event: 710.215 GC heap after
Heap after GC invocations=19 (full 3):
 PSYoungGen      total 430592K, used 9820K [0x00000000e0000000, 0x00000000fc200000, 0x0000000100000000)
  eden space 417792K, 0% used [0x00000000e0000000,0x00000000e0000000,0x00000000f9800000)
  from space 12800K, 76% used [0x00000000fb580000,0x00000000fbf17200,0x00000000fc200000)
  to   space 21504K, 0% used [0x00000000f9800000,0x00000000f9800000,0x00000000fad00000)
 ParOldGen       total 93184K, used 70037K [0x00000000a0000000, 0x00000000a5b00000, 0x00000000e0000000)
  object space 93184K, 75% used [0x00000000a0000000,0x00000000a4465750,0x00000000a5b00000)
 Metaspace       used 76072K, capacity 79352K, committed 79616K, reserved 1118208K
  class space    used 10311K, capacity 11157K, committed 11264K, reserved 1048576K
}
Event: 1349.874 GC heap before
{Heap before GC invocations=20 (full 3):
 PSYoungGen      total 430592K, used 427612K [0x00000000e0000000, 0x00000000fc200000, 0x0000000100000000)
  eden space 417792K, 100% used [0x00000000e0000000,0x00000000f9800000,0x00000000f9800000)
  from space 12800K, 76% used [0x00000000fb580000,0x00000000fbf17200,0x00000000fc200000)
  to   space 21504K, 0% used [0x00000000f9800000,0x00000000f9800000,0x00000000fad00000)
 ParOldGen       total 93184K, used 70037K [0x00000000a0000000, 0x00000000a5b00000, 0x00000000e0000000)
  object space 93184K, 75% used [0x00000000a0000000,0x00000000a4465750,0x00000000a5b00000)
 Metaspace       used 79103K, capacity 82746K, committed 82816K, reserved 1120256K
  class space    used 10694K, capacity 11638K, committed 11648K, reserved 1048576K
Event: 1349.909 GC heap after
Heap after GC invocations=20 (full 3):
 PSYoungGen      total 439296K, used 12637K [0x00000000e0000000, 0x00000000fc200000, 0x0000000100000000)
  eden space 417792K, 0% used [0x00000000e0000000,0x00000000e0000000,0x00000000f9800000)
  from space 21504K, 58% used [0x00000000f9800000,0x00000000fa457648,0x00000000fad00000)
  to   space 12800K, 0% used [0x00000000fb580000,0x00000000fb580000,0x00000000fc200000)
 ParOldGen       total 93184K, used 74038K [0x00000000a0000000, 0x00000000a5b00000, 0x00000000e0000000)
  object space 93184K, 79% used [0x00000000a0000000,0x00000000a484d870,0x00000000a5b00000)
 Metaspace       used 79103K, capacity 82746K, committed 82816K, reserved 1120256K
  class space    used 10694K, capacity 11638K, committed 11648K, reserved 1048576K
}
Event: 1463.223 GC heap before
{Heap before GC invocations=21 (full 3):
 PSYoungGen      total 439296K, used 430429K [0x00000000e0000000, 0x00000000fc200000, 0x0000000100000000)
  eden space 417792K, 100% used [0x00000000e0000000,0x00000000f9800000,0x00000000f9800000)
  from space 21504K, 58% used [0x00000000f9800000,0x00000000fa457648,0x00000000fad00000)
  to   space 12800K, 0% used [0x00000000fb580000,0x00000000fb580000,0x00000000fc200000)
 ParOldGen       total 93184K, used 74038K [0x00000000a0000000, 0x00000000a5b00000, 0x00000000e0000000)
  object space 93184K, 79% used [0x00000000a0000000,0x00000000a484d870,0x00000000a5b00000)
 Metaspace       used 86472K, capacity 90472K, committed 90624K, reserved 1128448K
  class space    used 11530K, capacity 12533K, committed 12544K, reserved 1048576K
Event: 1463.290 GC heap after
Heap after GC invocations=21 (full 3):
 PSYoungGen      total 430592K, used 12789K [0x00000000e0000000, 0x00000000fc200000, 0x0000000100000000)
  eden space 417792K, 0% used [0x00000000e0000000,0x00000000e0000000,0x00000000f9800000)
  from space 12800K, 99% used [0x00000000fb580000,0x00000000fc1fd568,0x00000000fc200000)
  to   space 21504K, 0% used [0x00000000f9800000,0x00000000f9800000,0x00000000fad00000)
 ParOldGen       total 93184K, used 89009K [0x00000000a0000000, 0x00000000a5b00000, 0x00000000e0000000)
  object space 93184K, 95% used [0x00000000a0000000,0x00000000a56ec6a8,0x00000000a5b00000)
 Metaspace       used 86472K, capacity 90472K, committed 90624K, reserved 1128448K
  class space    used 11530K, capacity 12533K, committed 12544K, reserved 1048576K
}
Event: 1463.290 GC heap before
{Heap before GC invocations=22 (full 4):
 PSYoungGen      total 430592K, used 12789K [0x00000000e0000000, 0x00000000fc200000, 0x0000000100000000)
  eden space 417792K, 0% used [0x00000000e0000000,0x00000000e0000000,0x00000000f9800000)
  from space 12800K, 99% used [0x00000000fb580000,0x00000000fc1fd568,0x00000000fc200000)
  to   space 21504K, 0% used [0x00000000f9800000,0x00000000f9800000,0x00000000fad00000)
 ParOldGen       total 93184K, used 89009K [0x00000000a0000000, 0x00000000a5b00000, 0x00000000e0000000)
  object space 93184K, 95% used [0x00000000a0000000,0x00000000a56ec6a8,0x00000000a5b00000)
 Metaspace       used 86472K, capacity 90472K, committed 90624K, reserved 1128448K
  class space    used 11530K, capacity 12533K, committed 12544K, reserved 1048576K
Event: 1463.812 GC heap after
Heap after GC invocations=22 (full 4):
 PSYoungGen      total 430592K, used 0K [0x00000000e0000000, 0x00000000fc200000, 0x0000000100000000)
  eden space 417792K, 0% used [0x00000000e0000000,0x00000000e0000000,0x00000000f9800000)
  from space 12800K, 0% used [0x00000000fb580000,0x00000000fb580000,0x00000000fc200000)
  to   space 21504K, 0% used [0x00000000f9800000,0x00000000f9800000,0x00000000fad00000)
 ParOldGen       total 152576K, used 81960K [0x00000000a0000000, 0x00000000a9500000, 0x00000000e0000000)
  object space 152576K, 53% used [0x00000000a0000000,0x00000000a500a370,0x00000000a9500000)
 Metaspace       used 86472K, capacity 90472K, committed 90624K, reserved 1128448K
  class space    used 11530K, capacity 12533K, committed 12544K, reserved 1048576K
}
Event: 1548.236 GC heap before
{Heap before GC invocations=23 (full 4):
 PSYoungGen      total 430592K, used 417792K [0x00000000e0000000, 0x00000000fc200000, 0x0000000100000000)
  eden space 417792K, 100% used [0x00000000e0000000,0x00000000f9800000,0x00000000f9800000)
  from space 12800K, 0% used [0x00000000fb580000,0x00000000fb580000,0x00000000fc200000)
  to   space 21504K, 0% used [0x00000000f9800000,0x00000000f9800000,0x00000000fad00000)
 ParOldGen       total 152576K, used 81960K [0x00000000a0000000, 0x00000000a9500000, 0x00000000e0000000)
  object space 152576K, 53% used [0x00000000a0000000,0x00000000a500a370,0x00000000a9500000)
 Metaspace       used 88395K, capacity 92604K, committed 92672K, reserved 1128448K
  class space    used 11724K, capacity 12759K, committed 12800K, reserved 1048576K
Event: 1548.263 GC heap after
Heap after GC invocations=23 (full 4):
 PSYoungGen      total 439296K, used 21493K [0x00000000e0000000, 0x00000000fc200000, 0x0000000100000000)
  eden space 417792K, 0% used [0x00000000e0000000,0x00000000e0000000,0x00000000f9800000)
  from space 21504K, 99% used [0x00000000f9800000,0x00000000facfd650,0x00000000fad00000)
  to   space 12800K, 0% used [0x00000000fb580000,0x00000000fb580000,0x00000000fc200000)
 ParOldGen       total 152576K, used 82916K [0x00000000a0000000, 0x00000000a9500000, 0x00000000e0000000)
  object space 152576K, 54% used [0x00000000a0000000,0x00000000a50f9240,0x00000000a9500000)
 Metaspace       used 88395K, capacity 92604K, committed 92672K, reserved 1128448K
  class space    used 11724K, capacity 12759K, committed 12800K, reserved 1048576K
}

